#
# There is insufficient memory for the Java Runtime Environment to continue.
# Native memory allocation (mmap) failed to map 65011712 bytes for Failed to commit area from 0x00000000c2200000 to 0x00000000c6000000 of length 65011712.
# Possible reasons:
#   The system is out of physical RAM or swap space
#   The process is running with CompressedOops enabled, and the Java Heap may be blocking the growth of the native heap
# Possible solutions:
#   Reduce memory load on the system
#   Increase physical memory or swap space
#   Check if swap backing store is full
#   Decrease Java heap size (-Xmx/-Xms)
#   Decrease number of Java threads
#   Decrease Java thread stack sizes (-Xss)
#   Set larger code cache with -XX:ReservedCodeCacheSize=
#   JVM is running with Unscaled Compressed Oops mode in which the Java heap is
#     placed in the first 4GB address space. The Java Heap base address is the
#     maximum limit for the native heap growth. Please use -XX:HeapBaseMinAddress
#     to set the Java Heap base and to place the Java Heap above 4GB virtual address.
# This output file may be truncated or incomplete.
#
#  Out of Memory Error (./open/src/hotspot/os/windows/os_windows.cpp:3315), pid=7160, tid=4900
#
# JRE version:  (14.0.2+12) (build )
# Java VM: OpenJDK 64-Bit Server VM (14.0.2+12-46, mixed mode, sharing, tiered, compressed oops, g1 gc, windows-amd64)
# No core dump will be written. Minidumps are not enabled by default on client versions of Windows
#

---------------  S U M M A R Y ------------

Command Line: -Dfile.encoding=Cp1252 -XX:+ShowCodeDetailsInExceptionMessages view.Main

Host: Intel(R) Core(TM) i5 CPU         650  @ 3.20GHz, 4 cores, 3G,  Windows 10 , 64 bit Build 19041 (10.0.19041.1151)
Time: Wed Aug 18 22:16:20 2021 Hora oficial do Brasil elapsed time: 0 seconds (0d 0h 0m 0s)

---------------  T H R E A D  ---------------

Current thread (0x000002402d1f9000):  JavaThread "Unknown thread" [_thread_in_vm, id=4900, stack(0x0000007500c00000,0x0000007500d00000)]

Stack: [0x0000007500c00000,0x0000007500d00000]
Native frames: (J=compiled Java code, j=interpreted, Vv=VM code, C=native code)
V  [jvm.dll+0x5f8a9a]
V  [jvm.dll+0x74247a]
V  [jvm.dll+0x743c2f]
V  [jvm.dll+0x744273]
V  [jvm.dll+0x20d288]
V  [jvm.dll+0x5f5dea]
V  [jvm.dll+0x5eac45]
V  [jvm.dll+0x2c7e9c]
V  [jvm.dll+0x2c7cd2]
V  [jvm.dll+0x2cdbbc]
V  [jvm.dll+0x313fe8]
V  [jvm.dll+0x313710]
V  [jvm.dll+0x2a092a]
V  [jvm.dll+0x2a1a79]
V  [jvm.dll+0x71fd48]
V  [jvm.dll+0x321c14]
V  [jvm.dll+0x70112c]
V  [jvm.dll+0x392def]
V  [jvm.dll+0x394e61]
C  [jli.dll+0x524b]
C  [ucrtbase.dll+0x21bb2]
C  [KERNEL32.DLL+0x17034]
C  [ntdll.dll+0x52651]


---------------  P R O C E S S  ---------------

Threads class SMR info:
_java_thread_list=0x00007ffdad2c3038, length=0, elements={
}

Java Threads: ( => current thread )

Other Threads:
  0x000002402d226800 GCTaskThread "GC Thread#0" [stack: 0x0000007500d00000,0x0000007500e00000] [id=10652]
  0x000002402d233000 ConcurrentGCThread "G1 Main Marker" [stack: 0x0000007500e00000,0x0000007500f00000] [id=4808]
  0x000002402d235000 ConcurrentGCThread "G1 Conc#0" [stack: 0x0000007500f00000,0x0000007501000000] [id=4008]

[error occurred during error reporting (printing all threads), id 0xc0000005, EXCEPTION_ACCESS_VIOLATION (0xc0000005) at pc=0x00007ffdacaf1257]

VM state:not at safepoint (not fully initialized)

VM Mutex/Monitor currently owned by a thread:  ([mutex/lock_event])
[0x000002402d1f4620] Heap_lock - owner thread: 0x000002402d1f9000

Heap address: 0x00000000c2200000, size: 990 MB, Compressed Oops mode: 32-bit
Narrow klass base: 0x0000000000000000, Narrow klass shift: 0

GC Heap History (0 events):
No events

Deoptimization events (0 events):
No events

Classes unloaded (0 events):
No events

Classes redefined (0 events):
No events

Internal exceptions (0 events):
No events

Events (2 events):
Event: 0.014 Loaded shared library C:\Users\Matheus\.p2\pool\plugins\org.eclipse.justj.openjdk.hotspot.jre.full.win32.x86_64_14.0.2.v20200815-0932\jre\bin\java.dll
Event: 0.014 Loaded shared library C:\Users\Matheus\.p2\pool\plugins\org.eclipse.justj.openjdk.hotspot.jre.full.win32.x86_64_14.0.2.v20200815-0932\jre\bin\zip.dll


Dynamic libraries:
0x00007ff637540000 - 0x00007ff63754d000 	C:\Users\Matheus\.p2\pool\plugins\org.eclipse.justj.openjdk.hotspot.jre.full.win32.x86_64_14.0.2.v20200815-0932\jre\bin\javaw.exe
0x00007ffdeb330000 - 0x00007ffdeb525000 	C:\WINDOWS\SYSTEM32\ntdll.dll
0x00007ffdea260000 - 0x00007ffdea31d000 	C:\WINDOWS\System32\KERNEL32.DLL
0x00007ffde8ca0000 - 0x00007ffde8f69000 	C:\WINDOWS\System32\KERNELBASE.dll
0x00007ffde8b70000 - 0x00007ffde8c70000 	C:\WINDOWS\System32\ucrtbase.dll
0x00007ffde1c90000 - 0x00007ffde1ca5000 	C:\Users\Matheus\.p2\pool\plugins\org.eclipse.justj.openjdk.hotspot.jre.full.win32.x86_64_14.0.2.v20200815-0932\jre\bin\VCRUNTIME140.dll
0x00007ffdde220000 - 0x00007ffdde238000 	C:\Users\Matheus\.p2\pool\plugins\org.eclipse.justj.openjdk.hotspot.jre.full.win32.x86_64_14.0.2.v20200815-0932\jre\bin\jli.dll
0x00007ffde9c10000 - 0x00007ffde9db0000 	C:\WINDOWS\System32\USER32.dll
0x00007ffde8c70000 - 0x00007ffde8c92000 	C:\WINDOWS\System32\win32u.dll
0x00007ffdd9690000 - 0x00007ffdd992a000 	C:\WINDOWS\WinSxS\amd64_microsoft.windows.common-controls_6595b64144ccf1df_6.0.19041.1110_none_60b5254171f9507e\COMCTL32.dll
0x00007ffde9b60000 - 0x00007ffde9b8a000 	C:\WINDOWS\System32\GDI32.dll
0x00007ffde9390000 - 0x00007ffde942e000 	C:\WINDOWS\System32\msvcrt.dll
0x00007ffde8f70000 - 0x00007ffde907b000 	C:\WINDOWS\System32\gdi32full.dll
0x00007ffde9080000 - 0x00007ffde911d000 	C:\WINDOWS\System32\msvcp_win.dll
0x00007ffde9e40000 - 0x00007ffde9e70000 	C:\WINDOWS\System32\IMM32.DLL
0x00007ffdd6530000 - 0x00007ffdd65cb000 	C:\Users\Matheus\.p2\pool\plugins\org.eclipse.justj.openjdk.hotspot.jre.full.win32.x86_64_14.0.2.v20200815-0932\jre\bin\msvcp140.dll
0x00007ffdac840000 - 0x00007ffdad35e000 	C:\Users\Matheus\.p2\pool\plugins\org.eclipse.justj.openjdk.hotspot.jre.full.win32.x86_64_14.0.2.v20200815-0932\jre\bin\server\jvm.dll
0x00007ffde9430000 - 0x00007ffde94dc000 	C:\WINDOWS\System32\ADVAPI32.dll
0x00007ffde9540000 - 0x00007ffde95db000 	C:\WINDOWS\System32\sechost.dll
0x00007ffdea130000 - 0x00007ffdea25a000 	C:\WINDOWS\System32\RPCRT4.dll
0x00007ffdeb020000 - 0x00007ffdeb028000 	C:\WINDOWS\System32\PSAPI.DLL
0x00007ffde42f0000 - 0x00007ffde42f9000 	C:\WINDOWS\SYSTEM32\WSOCK32.dll
0x00007ffdeb280000 - 0x00007ffdeb2eb000 	C:\WINDOWS\System32\WS2_32.dll
0x00007ffdde0e0000 - 0x00007ffdde0ea000 	C:\WINDOWS\SYSTEM32\VERSION.dll
0x00007ffdd6470000 - 0x00007ffdd6497000 	C:\WINDOWS\SYSTEM32\WINMM.dll
0x00007ffde6990000 - 0x00007ffde69a2000 	C:\WINDOWS\SYSTEM32\kernel.appcore.dll
0x00007ffde0360000 - 0x00007ffde036a000 	C:\Users\Matheus\.p2\pool\plugins\org.eclipse.justj.openjdk.hotspot.jre.full.win32.x86_64_14.0.2.v20200815-0932\jre\bin\jimage.dll
0x00007ffddcc40000 - 0x00007ffddce24000 	C:\WINDOWS\SYSTEM32\DBGHELP.DLL
0x00007ffddcff0000 - 0x00007ffddd01c000 	C:\WINDOWS\SYSTEM32\dbgcore.DLL
0x00007ffde9150000 - 0x00007ffde91d3000 	C:\WINDOWS\System32\bcryptPrimitives.dll
0x00007ffde0160000 - 0x00007ffde0185000 	C:\Users\Matheus\.p2\pool\plugins\org.eclipse.justj.openjdk.hotspot.jre.full.win32.x86_64_14.0.2.v20200815-0932\jre\bin\java.dll
0x00007ffde0140000 - 0x00007ffde0156000 	C:\Users\Matheus\.p2\pool\plugins\org.eclipse.justj.openjdk.hotspot.jre.full.win32.x86_64_14.0.2.v20200815-0932\jre\bin\zip.dll

dbghelp: loaded successfully - version: 4.0.5 - missing functions: none
symbol engine: initialized successfully - sym options: 0x614 - pdb path: .;C:\Users\Matheus\.p2\pool\plugins\org.eclipse.justj.openjdk.hotspot.jre.full.win32.x86_64_14.0.2.v20200815-0932\jre\bin;C:\WINDOWS\SYSTEM32;C:\WINDOWS\WinSxS\amd64_microsoft.windows.common-controls_6595b64144ccf1df_6.0.19041.1110_none_60b5254171f9507e;C:\Users\Matheus\.p2\pool\plugins\org.eclipse.justj.openjdk.hotspot.jre.full.win32.x86_64_14.0.2.v20200815-0932\jre\bin\server

VM Arguments:
jvm_args: -Dfile.encoding=Cp1252 -XX:+ShowCodeDetailsInExceptionMessages 
java_command: view.Main
java_class_path (initial): C:\Users\Matheus\Documents\Studyspace\FATEC\SO1\recursString\bin
Launcher Type: SUN_STANDARD

[Global flags]
     intx CICompilerCount                          = 3                                         {product} {ergonomic}
     uint ConcGCThreads                            = 1                                         {product} {ergonomic}
     uint G1ConcRefinementThreads                  = 4                                         {product} {ergonomic}
   size_t G1HeapRegionSize                         = 1048576                                   {product} {ergonomic}
    uintx GCDrainStackTargetSize                   = 64                                        {product} {ergonomic}
   size_t InitialHeapSize                          = 65011712                                  {product} {ergonomic}
   size_t MarkStackSize                            = 4194304                                   {product} {ergonomic}
   size_t MaxHeapSize                              = 1038090240                                {product} {ergonomic}
   size_t MinHeapDeltaBytes                        = 1048576                                   {product} {ergonomic}
   size_t MinHeapSize                              = 8388608                                   {product} {ergonomic}
    uintx NonNMethodCodeHeapSize                   = 5832780                                {pd product} {ergonomic}
    uintx NonProfiledCodeHeapSize                  = 122912730                              {pd product} {ergonomic}
    uintx ProfiledCodeHeapSize                     = 122912730                              {pd product} {ergonomic}
    uintx ReservedCodeCacheSize                    = 251658240                              {pd product} {ergonomic}
     bool SegmentedCodeCache                       = true                                      {product} {ergonomic}
     bool ShowCodeDetailsInExceptionMessages       = true                                   {manageable} {command line}
   size_t SoftMaxHeapSize                          = 1038090240                             {manageable} {ergonomic}
     bool UseCompressedClassPointers               = true                                 {lp64_product} {ergonomic}
     bool UseCompressedOops                        = true                                 {lp64_product} {ergonomic}
     bool UseG1GC                                  = true                                      {product} {ergonomic}
     bool UseLargePagesIndividualAllocation        = false                                  {pd product} {ergonomic}

Logging:
Log output configuration:
 #0: stdout all=warning uptime,level,tags
 #1: stderr all=off uptime,level,tags

Environment Variables:
PATH=C:/Users/Matheus/.p2/pool/plugins/org.eclipse.justj.openjdk.hotspot.jre.full.win32.x86_64_14.0.2.v20200815-0932/jre/bin/server;C:/Users/Matheus/.p2/pool/plugins/org.eclipse.justj.openjdk.hotspot.jre.full.win32.x86_64_14.0.2.v20200815-0932/jre/bin;C:\Program Files (x86)\Common Files\Oracle\Java\javapath;C:\WINDOWS\system32;C:\WINDOWS;C:\WINDOWS\System32\Wbem;C:\WINDOWS\System32\WindowsPowerShell\v1.0\;C:\WINDOWS\System32\OpenSSH\;C:\Program Files\Git\cmd;C:\Users\Matheus\AppData\Local\Microsoft\WindowsApps;;C:\Users\Matheus\AppData\Local\Programs\Microsoft VS Code\bin;C:\Program Files\Docker Toolbox;C:\Users\Matheus\Desktop;
USERNAME=Matheus
OS=Windows_NT
PROCESSOR_IDENTIFIER=Intel64 Family 6 Model 37 Stepping 2, GenuineIntel



---------------  S Y S T E M  ---------------

OS: Windows 10 , 64 bit Build 19041 (10.0.19041.1151)
OS uptime: 2 days 11:35 hours

CPU:total 4 (initial active 4) (2 cores per cpu, 2 threads per core) family 6 model 37 stepping 2, cmov, cx8, fxsr, mmx, sse, sse2, sse3, ssse3, sse4.1, sse4.2, popcnt, aes, clmul, ht, tsc, tscinvbit

Memory: 4k page, system-wide physical 3959M (546M free)
TotalPageFile size 4459M (AvailPageFile size 30M)
current process WorkingSet (physical memory assigned to process): 10M, peak: 10M
current process commit charge ("private bytes"): 51M, peak: 113M

vm_info: OpenJDK 64-Bit Server VM (14.0.2+12-46) for windows-amd64 JRE (14.0.2+12-46), built on Jul  9 2020 00:31:16 by "mach5one" with MS VC++ 15.9 (VS2017)

END.
